{"E:\\КУРС\\WebManagerCourse\\knexfile.js": {"path":"E:\\КУРС\\WebManagerCourse\\knexfile.js","statementMap":{"0":{"start":{"line":6,"column":18},"end":{"line":6,"column":62}},"1":{"start":{"line":8,"column":19},"end":{"line":10,"column":1}},"2":{"start":{"line":12,"column":27},"end":{"line":19,"column":1}},"3":{"start":{"line":21,"column":20},"end":{"line":27,"column":1}},"4":{"start":{"line":29,"column":26},"end":{"line":36,"column":1}}},"fnMap":{},"branchMap":{},"s":{"0":6,"1":6,"2":6,"3":6,"4":6},"f":{},"b":{},"_coverageSchema":"1a1c01bbd47fc00a2c39e90264f33305004495a9","hash":"d664d2eeb6b9a0daf0c84d490be6ab02d45a14a9"}
,"E:\\КУРС\\WebManagerCourse\\server\\plugin.js": {"path":"E:\\КУРС\\WebManagerCourse\\server\\plugin.js","statementMap":{"0":{"start":{"line":30,"column":16},"end":{"line":34,"column":2}},"1":{"start":{"line":36,"column":18},"end":{"line":36,"column":62}},"2":{"start":{"line":38,"column":13},"end":{"line":38,"column":50}},"3":{"start":{"line":41,"column":26},"end":{"line":52,"column":1}},"4":{"start":{"line":42,"column":2},"end":{"line":51,"column":7}},"5":{"start":{"line":54,"column":19},"end":{"line":71,"column":1}},"6":{"start":{"line":55,"column":18},"end":{"line":55,"column":33}},"7":{"start":{"line":56,"column":2},"end":{"line":66,"column":5}},"8":{"start":{"line":63,"column":31},"end":{"line":63,"column":52}},"9":{"start":{"line":68,"column":2},"end":{"line":70,"column":5}},"10":{"start":{"line":69,"column":4},"end":{"line":69,"column":52}},"11":{"start":{"line":73,"column":26},"end":{"line":79,"column":1}},"12":{"start":{"line":74,"column":21},"end":{"line":74,"column":55}},"13":{"start":{"line":75,"column":2},"end":{"line":78,"column":5}},"14":{"start":{"line":81,"column":17},"end":{"line":87,"column":1}},"15":{"start":{"line":82,"column":2},"end":{"line":86,"column":5}},"16":{"start":{"line":83,"column":4},"end":{"line":85,"column":6}},"17":{"start":{"line":84,"column":29},"end":{"line":84,"column":50}},"18":{"start":{"line":89,"column":26},"end":{"line":94,"column":1}},"19":{"start":{"line":90,"column":2},"end":{"line":93,"column":5}},"20":{"start":{"line":91,"column":4},"end":{"line":91,"column":34}},"21":{"start":{"line":92,"column":4},"end":{"line":92,"column":63}},"22":{"start":{"line":96,"column":24},"end":{"line":130,"column":1}},"23":{"start":{"line":97,"column":2},"end":{"line":97,"column":38}},"24":{"start":{"line":99,"column":2},"end":{"line":99,"column":43}},"25":{"start":{"line":100,"column":2},"end":{"line":100,"column":60}},"26":{"start":{"line":101,"column":2},"end":{"line":106,"column":5}},"27":{"start":{"line":108,"column":2},"end":{"line":110,"column":4}},"28":{"start":{"line":109,"column":14},"end":{"line":109,"column":65}},"29":{"start":{"line":111,"column":2},"end":{"line":111,"column":74}},"30":{"start":{"line":111,"column":51},"end":{"line":111,"column":72}},"31":{"start":{"line":112,"column":2},"end":{"line":112,"column":53}},"32":{"start":{"line":113,"column":2},"end":{"line":113,"column":51}},"33":{"start":{"line":114,"column":2},"end":{"line":114,"column":54}},"34":{"start":{"line":115,"column":2},"end":{"line":115,"column":44}},"35":{"start":{"line":116,"column":2},"end":{"line":123,"column":14}},"36":{"start":{"line":116,"column":44},"end":{"line":123,"column":12}},"37":{"start":{"line":125,"column":2},"end":{"line":125,"column":44}},"38":{"start":{"line":126,"column":2},"end":{"line":129,"column":5}},"39":{"start":{"line":132,"column":23},"end":{"line":134,"column":1}},"40":{"start":{"line":138,"column":2},"end":{"line":138,"column":29}},"41":{"start":{"line":140,"column":2},"end":{"line":140,"column":28}},"42":{"start":{"line":141,"column":2},"end":{"line":141,"column":18}},"43":{"start":{"line":142,"column":2},"end":{"line":142,"column":25}},"44":{"start":{"line":143,"column":2},"end":{"line":143,"column":17}},"45":{"start":{"line":144,"column":2},"end":{"line":144,"column":16}},"46":{"start":{"line":145,"column":2},"end":{"line":145,"column":25}},"47":{"start":{"line":147,"column":2},"end":{"line":147,"column":13}}},"fnMap":{"0":{"name":"(anonymous_0)","decl":{"start":{"line":41,"column":26},"end":{"line":41,"column":27}},"loc":{"start":{"line":41,"column":38},"end":{"line":52,"column":1}},"line":41},"1":{"name":"(anonymous_1)","decl":{"start":{"line":54,"column":19},"end":{"line":54,"column":20}},"loc":{"start":{"line":54,"column":28},"end":{"line":71,"column":1}},"line":54},"2":{"name":"(anonymous_2)","decl":{"start":{"line":63,"column":17},"end":{"line":63,"column":18}},"loc":{"start":{"line":63,"column":31},"end":{"line":63,"column":52}},"line":63},"3":{"name":"render","decl":{"start":{"line":68,"column":39},"end":{"line":68,"column":45}},"loc":{"start":{"line":68,"column":64},"end":{"line":70,"column":3}},"line":68},"4":{"name":"(anonymous_4)","decl":{"start":{"line":73,"column":26},"end":{"line":73,"column":27}},"loc":{"start":{"line":73,"column":35},"end":{"line":79,"column":1}},"line":73},"5":{"name":"(anonymous_5)","decl":{"start":{"line":81,"column":17},"end":{"line":81,"column":18}},"loc":{"start":{"line":81,"column":26},"end":{"line":87,"column":1}},"line":81},"6":{"name":"(anonymous_6)","decl":{"start":{"line":82,"column":28},"end":{"line":82,"column":29}},"loc":{"start":{"line":82,"column":50},"end":{"line":86,"column":3}},"line":82},"7":{"name":"(anonymous_7)","decl":{"start":{"line":84,"column":23},"end":{"line":84,"column":24}},"loc":{"start":{"line":84,"column":29},"end":{"line":84,"column":50}},"line":84},"8":{"name":"(anonymous_8)","decl":{"start":{"line":89,"column":26},"end":{"line":89,"column":27}},"loc":{"start":{"line":89,"column":35},"end":{"line":94,"column":1}},"line":89},"9":{"name":"(anonymous_9)","decl":{"start":{"line":90,"column":22},"end":{"line":90,"column":23}},"loc":{"start":{"line":90,"column":49},"end":{"line":93,"column":3}},"line":90},"10":{"name":"(anonymous_10)","decl":{"start":{"line":96,"column":24},"end":{"line":96,"column":25}},"loc":{"start":{"line":96,"column":39},"end":{"line":130,"column":1}},"line":96},"11":{"name":"(anonymous_11)","decl":{"start":{"line":109,"column":4},"end":{"line":109,"column":5}},"loc":{"start":{"line":109,"column":14},"end":{"line":109,"column":65}},"line":109},"12":{"name":"(anonymous_12)","decl":{"start":{"line":111,"column":41},"end":{"line":111,"column":42}},"loc":{"start":{"line":111,"column":51},"end":{"line":111,"column":72}},"line":111},"13":{"name":"(anonymous_13)","decl":{"start":{"line":116,"column":31},"end":{"line":116,"column":32}},"loc":{"start":{"line":116,"column":44},"end":{"line":123,"column":12}},"line":116},"14":{"name":"(anonymous_14)","decl":{"start":{"line":137,"column":15},"end":{"line":137,"column":16}},"loc":{"start":{"line":137,"column":40},"end":{"line":148,"column":1}},"line":137}},"branchMap":{"0":{"loc":{"start":{"line":38,"column":13},"end":{"line":38,"column":50}},"type":"binary-expr","locations":[{"start":{"line":38,"column":13},"end":{"line":38,"column":33}},{"start":{"line":38,"column":37},"end":{"line":38,"column":50}}],"line":38}},"s":{"0":6,"1":6,"2":6,"3":6,"4":6,"5":6,"6":6,"7":6,"8":30,"9":6,"10":15,"11":6,"12":6,"13":6,"14":6,"15":6,"16":34,"17":18,"18":6,"19":6,"20":0,"21":0,"22":6,"23":6,"24":6,"25":6,"26":6,"27":6,"28":23,"29":6,"30":5,"31":6,"32":6,"33":6,"34":6,"35":6,"36":22,"37":6,"38":6,"39":6,"40":6,"41":6,"42":6,"43":6,"44":6,"45":6,"46":6,"47":6},"f":{"0":6,"1":6,"2":30,"3":15,"4":6,"5":6,"6":34,"7":18,"8":6,"9":0,"10":6,"11":23,"12":5,"13":22,"14":6},"b":{"0":[6,0]},"_coverageSchema":"1a1c01bbd47fc00a2c39e90264f33305004495a9","hash":"f9dffe9a03e480a144a09c7563d83616304f4333"}
,"E:\\КУРС\\WebManagerCourse\\server\\helpers\\index.js": {"path":"E:\\КУРС\\WebManagerCourse\\server\\helpers\\index.js","statementMap":{"0":{"start":{"line":6,"column":25},"end":{"line":32,"column":1}},"1":{"start":{"line":8,"column":4},"end":{"line":8,"column":29}},"2":{"start":{"line":11,"column":4},"end":{"line":11,"column":26}},"3":{"start":{"line":15,"column":4},"end":{"line":26,"column":5}},"4":{"start":{"line":19,"column":8},"end":{"line":19,"column":24}},"5":{"start":{"line":21,"column":8},"end":{"line":21,"column":25}},"6":{"start":{"line":23,"column":8},"end":{"line":23,"column":22}},"7":{"start":{"line":25,"column":8},"end":{"line":25,"column":57}},"8":{"start":{"line":29,"column":17},"end":{"line":29,"column":30}},"9":{"start":{"line":30,"column":4},"end":{"line":30,"column":33}}},"fnMap":{"0":{"name":"(anonymous_0)","decl":{"start":{"line":6,"column":15},"end":{"line":6,"column":16}},"loc":{"start":{"line":6,"column":25},"end":{"line":32,"column":1}},"line":6},"1":{"name":"(anonymous_1)","decl":{"start":{"line":7,"column":2},"end":{"line":7,"column":3}},"loc":{"start":{"line":7,"column":14},"end":{"line":9,"column":3}},"line":7},"2":{"name":"(anonymous_2)","decl":{"start":{"line":10,"column":2},"end":{"line":10,"column":3}},"loc":{"start":{"line":10,"column":9},"end":{"line":12,"column":3}},"line":10},"3":{"name":"(anonymous_3)","decl":{"start":{"line":14,"column":2},"end":{"line":14,"column":3}},"loc":{"start":{"line":14,"column":22},"end":{"line":27,"column":3}},"line":14},"4":{"name":"(anonymous_4)","decl":{"start":{"line":28,"column":2},"end":{"line":28,"column":3}},"loc":{"start":{"line":28,"column":18},"end":{"line":31,"column":3}},"line":28}},"branchMap":{"0":{"loc":{"start":{"line":15,"column":4},"end":{"line":26,"column":5}},"type":"switch","locations":[{"start":{"line":18,"column":6},"end":{"line":19,"column":24}},{"start":{"line":20,"column":6},"end":{"line":21,"column":25}},{"start":{"line":22,"column":6},"end":{"line":23,"column":22}},{"start":{"line":24,"column":6},"end":{"line":25,"column":57}}],"line":15}},"s":{"0":6,"1":108,"2":174,"3":11,"4":0,"5":11,"6":0,"7":0,"8":3,"9":3},"f":{"0":6,"1":108,"2":174,"3":11,"4":3},"b":{"0":[0,11,0,0]},"_coverageSchema":"1a1c01bbd47fc00a2c39e90264f33305004495a9","hash":"fc5b52d9465dc898fc14eb183488aeceb7938e5a"}
,"E:\\КУРС\\WebManagerCourse\\server\\lib\\secure.cjs": {"path":"E:\\КУРС\\WebManagerCourse\\server\\lib\\secure.cjs","statementMap":{"0":{"start":{"line":3,"column":15},"end":{"line":3,"column":32}},"1":{"start":{"line":8,"column":0},"end":{"line":10,"column":17}},"2":{"start":{"line":8,"column":28},"end":{"line":10,"column":16}}},"fnMap":{"0":{"name":"(anonymous_0)","decl":{"start":{"line":8,"column":17},"end":{"line":8,"column":18}},"loc":{"start":{"line":8,"column":28},"end":{"line":10,"column":16}},"line":8}},"branchMap":{},"s":{"0":6,"1":6,"2":10},"f":{"0":10},"b":{},"inputSourceMap":null,"_coverageSchema":"1a1c01bbd47fc00a2c39e90264f33305004495a9","hash":"c6abd60bed9afca5f41e4523133173d1975ad915"}
,"E:\\КУРС\\WebManagerCourse\\server\\lib\\passportStrategies\\FormStrategy.js": {"path":"E:\\КУРС\\WebManagerCourse\\server\\lib\\passportStrategies\\FormStrategy.js","statementMap":{"0":{"start":{"line":8,"column":4},"end":{"line":8,"column":16}},"1":{"start":{"line":9,"column":4},"end":{"line":9,"column":19}},"2":{"start":{"line":13,"column":4},"end":{"line":15,"column":5}},"3":{"start":{"line":14,"column":6},"end":{"line":14,"column":25}},"4":{"start":{"line":17,"column":18},"end":{"line":17,"column":57}},"5":{"start":{"line":18,"column":21},"end":{"line":18,"column":63}},"6":{"start":{"line":19,"column":23},"end":{"line":19,"column":41}},"7":{"start":{"line":20,"column":17},"end":{"line":20,"column":61}},"8":{"start":{"line":21,"column":4},"end":{"line":23,"column":5}},"9":{"start":{"line":22,"column":6},"end":{"line":22,"column":32}},"10":{"start":{"line":25,"column":4},"end":{"line":25,"column":23}}},"fnMap":{"0":{"name":"(anonymous_0)","decl":{"start":{"line":7,"column":2},"end":{"line":7,"column":3}},"loc":{"start":{"line":7,"column":25},"end":{"line":10,"column":3}},"line":7},"1":{"name":"(anonymous_1)","decl":{"start":{"line":12,"column":2},"end":{"line":12,"column":3}},"loc":{"start":{"line":12,"column":30},"end":{"line":26,"column":3}},"line":12}},"branchMap":{"0":{"loc":{"start":{"line":13,"column":4},"end":{"line":15,"column":5}},"type":"if","locations":[{"start":{"line":13,"column":4},"end":{"line":15,"column":5}},{"start":{},"end":{}}],"line":13},"1":{"loc":{"start":{"line":21,"column":4},"end":{"line":23,"column":5}},"type":"if","locations":[{"start":{"line":21,"column":4},"end":{"line":23,"column":5}},{"start":{},"end":{}}],"line":21},"2":{"loc":{"start":{"line":21,"column":8},"end":{"line":21,"column":45}},"type":"binary-expr","locations":[{"start":{"line":21,"column":8},"end":{"line":21,"column":12}},{"start":{"line":21,"column":16},"end":{"line":21,"column":45}}],"line":21}},"s":{"0":6,"1":6,"2":27,"3":22,"4":5,"5":5,"6":5,"7":5,"8":5,"9":5,"10":0},"f":{"0":6,"1":27},"b":{"0":[22,5],"1":[5,0],"2":[5,5]},"_coverageSchema":"1a1c01bbd47fc00a2c39e90264f33305004495a9","hash":"8416884a51e5c440f4e7820371b49113f1f8a0a2"}
,"E:\\КУРС\\WebManagerCourse\\server\\locales\\en.js": {"path":"E:\\КУРС\\WebManagerCourse\\server\\locales\\en.js","statementMap":{},"fnMap":{},"branchMap":{},"s":{},"f":{},"b":{},"_coverageSchema":"1a1c01bbd47fc00a2c39e90264f33305004495a9","hash":"806c4dc83bf2ebcb9ecc2ef6bb49526d7561ef0a"}
,"E:\\КУРС\\WebManagerCourse\\server\\locales\\ru.js": {"path":"E:\\КУРС\\WebManagerCourse\\server\\locales\\ru.js","statementMap":{},"fnMap":{},"branchMap":{},"s":{},"f":{},"b":{},"_coverageSchema":"1a1c01bbd47fc00a2c39e90264f33305004495a9","hash":"013312553d9c4bc2fa1486940fffce6a4a396b94"}
,"E:\\КУРС\\WebManagerCourse\\server\\migrations\\20200716171734_create_labels_table.js": {"path":"E:\\КУРС\\WebManagerCourse\\server\\migrations\\20200716171734_create_labels_table.js","statementMap":{"0":{"start":{"line":3,"column":18},"end":{"line":9,"column":1}},"1":{"start":{"line":4,"column":2},"end":{"line":8,"column":4}},"2":{"start":{"line":5,"column":4},"end":{"line":5,"column":37}},"3":{"start":{"line":6,"column":4},"end":{"line":6,"column":25}},"4":{"start":{"line":7,"column":4},"end":{"line":7,"column":59}},"5":{"start":{"line":11,"column":20},"end":{"line":11,"column":61}},"6":{"start":{"line":11,"column":30},"end":{"line":11,"column":61}}},"fnMap":{"0":{"name":"(anonymous_0)","decl":{"start":{"line":3,"column":18},"end":{"line":3,"column":19}},"loc":{"start":{"line":4,"column":2},"end":{"line":8,"column":4}},"line":4},"1":{"name":"(anonymous_1)","decl":{"start":{"line":4,"column":36},"end":{"line":4,"column":37}},"loc":{"start":{"line":4,"column":47},"end":{"line":8,"column":3}},"line":4},"2":{"name":"(anonymous_2)","decl":{"start":{"line":11,"column":20},"end":{"line":11,"column":21}},"loc":{"start":{"line":11,"column":30},"end":{"line":11,"column":61}},"line":11}},"branchMap":{},"s":{"0":5,"1":5,"2":5,"3":5,"4":5,"5":5,"6":0},"f":{"0":5,"1":5,"2":0},"b":{},"_coverageSchema":"1a1c01bbd47fc00a2c39e90264f33305004495a9","hash":"db05a6316ecbcdfd09d33a925b9614a54d215dac"}
,"E:\\КУРС\\WebManagerCourse\\server\\migrations\\20200716171734_create_statuses_table.js": {"path":"E:\\КУРС\\WebManagerCourse\\server\\migrations\\20200716171734_create_statuses_table.js","statementMap":{"0":{"start":{"line":3,"column":18},"end":{"line":9,"column":1}},"1":{"start":{"line":4,"column":2},"end":{"line":8,"column":4}},"2":{"start":{"line":5,"column":4},"end":{"line":5,"column":37}},"3":{"start":{"line":6,"column":4},"end":{"line":6,"column":25}},"4":{"start":{"line":7,"column":4},"end":{"line":7,"column":59}},"5":{"start":{"line":11,"column":20},"end":{"line":11,"column":63}},"6":{"start":{"line":11,"column":30},"end":{"line":11,"column":63}}},"fnMap":{"0":{"name":"(anonymous_0)","decl":{"start":{"line":3,"column":18},"end":{"line":3,"column":19}},"loc":{"start":{"line":4,"column":2},"end":{"line":8,"column":4}},"line":4},"1":{"name":"(anonymous_1)","decl":{"start":{"line":4,"column":38},"end":{"line":4,"column":39}},"loc":{"start":{"line":4,"column":49},"end":{"line":8,"column":3}},"line":4},"2":{"name":"(anonymous_2)","decl":{"start":{"line":11,"column":20},"end":{"line":11,"column":21}},"loc":{"start":{"line":11,"column":30},"end":{"line":11,"column":63}},"line":11}},"branchMap":{},"s":{"0":5,"1":5,"2":5,"3":5,"4":5,"5":5,"6":0},"f":{"0":5,"1":5,"2":0},"b":{},"_coverageSchema":"1a1c01bbd47fc00a2c39e90264f33305004495a9","hash":"b76f7e269539b04a24fd1168eb872393738728f7"}
,"E:\\КУРС\\WebManagerCourse\\server\\migrations\\20200716171734_create_tasks_labels_table.js": {"path":"E:\\КУРС\\WebManagerCourse\\server\\migrations\\20200716171734_create_tasks_labels_table.js","statementMap":{"0":{"start":{"line":3,"column":18},"end":{"line":10,"column":1}},"1":{"start":{"line":4,"column":2},"end":{"line":9,"column":4}},"2":{"start":{"line":5,"column":4},"end":{"line":5,"column":37}},"3":{"start":{"line":6,"column":4},"end":{"line":6,"column":43}},"4":{"start":{"line":7,"column":4},"end":{"line":7,"column":44}},"5":{"start":{"line":8,"column":4},"end":{"line":8,"column":42}},"6":{"start":{"line":12,"column":20},"end":{"line":12,"column":67}},"7":{"start":{"line":12,"column":30},"end":{"line":12,"column":67}}},"fnMap":{"0":{"name":"(anonymous_0)","decl":{"start":{"line":3,"column":18},"end":{"line":3,"column":19}},"loc":{"start":{"line":4,"column":2},"end":{"line":9,"column":4}},"line":4},"1":{"name":"(anonymous_1)","decl":{"start":{"line":4,"column":42},"end":{"line":4,"column":43}},"loc":{"start":{"line":4,"column":53},"end":{"line":9,"column":3}},"line":4},"2":{"name":"(anonymous_2)","decl":{"start":{"line":12,"column":20},"end":{"line":12,"column":21}},"loc":{"start":{"line":12,"column":30},"end":{"line":12,"column":67}},"line":12}},"branchMap":{},"s":{"0":5,"1":5,"2":5,"3":5,"4":5,"5":5,"6":5,"7":0},"f":{"0":5,"1":5,"2":0},"b":{},"_coverageSchema":"1a1c01bbd47fc00a2c39e90264f33305004495a9","hash":"553de321a1bf10594617de34b10dff23bd9940c5"}
,"E:\\КУРС\\WebManagerCourse\\server\\migrations\\20200716171734_create_tasks_table.js": {"path":"E:\\КУРС\\WebManagerCourse\\server\\migrations\\20200716171734_create_tasks_table.js","statementMap":{"0":{"start":{"line":3,"column":18},"end":{"line":13,"column":1}},"1":{"start":{"line":4,"column":2},"end":{"line":12,"column":4}},"2":{"start":{"line":5,"column":4},"end":{"line":5,"column":37}},"3":{"start":{"line":6,"column":4},"end":{"line":6,"column":25}},"4":{"start":{"line":7,"column":4},"end":{"line":7,"column":32}},"5":{"start":{"line":8,"column":4},"end":{"line":8,"column":31}},"6":{"start":{"line":9,"column":4},"end":{"line":9,"column":44}},"7":{"start":{"line":10,"column":4},"end":{"line":10,"column":32}},"8":{"start":{"line":11,"column":4},"end":{"line":11,"column":59}},"9":{"start":{"line":15,"column":20},"end":{"line":15,"column":60}},"10":{"start":{"line":15,"column":30},"end":{"line":15,"column":60}}},"fnMap":{"0":{"name":"(anonymous_0)","decl":{"start":{"line":3,"column":18},"end":{"line":3,"column":19}},"loc":{"start":{"line":4,"column":2},"end":{"line":12,"column":4}},"line":4},"1":{"name":"(anonymous_1)","decl":{"start":{"line":4,"column":35},"end":{"line":4,"column":36}},"loc":{"start":{"line":4,"column":46},"end":{"line":12,"column":3}},"line":4},"2":{"name":"(anonymous_2)","decl":{"start":{"line":15,"column":20},"end":{"line":15,"column":21}},"loc":{"start":{"line":15,"column":30},"end":{"line":15,"column":60}},"line":15}},"branchMap":{},"s":{"0":5,"1":5,"2":5,"3":5,"4":5,"5":5,"6":5,"7":5,"8":5,"9":5,"10":0},"f":{"0":5,"1":5,"2":0},"b":{},"_coverageSchema":"1a1c01bbd47fc00a2c39e90264f33305004495a9","hash":"ed61000da077ad3d83aea4467981ba9c31946323"}
,"E:\\КУРС\\WebManagerCourse\\server\\migrations\\20200716171734_create_users_table.js": {"path":"E:\\КУРС\\WebManagerCourse\\server\\migrations\\20200716171734_create_users_table.js","statementMap":{"0":{"start":{"line":3,"column":18},"end":{"line":11,"column":1}},"1":{"start":{"line":4,"column":2},"end":{"line":10,"column":4}},"2":{"start":{"line":5,"column":4},"end":{"line":5,"column":37}},"3":{"start":{"line":6,"column":4},"end":{"line":6,"column":26}},"4":{"start":{"line":7,"column":4},"end":{"line":7,"column":36}},"5":{"start":{"line":8,"column":4},"end":{"line":8,"column":59}},"6":{"start":{"line":9,"column":4},"end":{"line":9,"column":59}},"7":{"start":{"line":13,"column":20},"end":{"line":13,"column":60}},"8":{"start":{"line":13,"column":30},"end":{"line":13,"column":60}}},"fnMap":{"0":{"name":"(anonymous_0)","decl":{"start":{"line":3,"column":18},"end":{"line":3,"column":19}},"loc":{"start":{"line":4,"column":2},"end":{"line":10,"column":4}},"line":4},"1":{"name":"(anonymous_1)","decl":{"start":{"line":4,"column":35},"end":{"line":4,"column":36}},"loc":{"start":{"line":4,"column":46},"end":{"line":10,"column":3}},"line":4},"2":{"name":"(anonymous_2)","decl":{"start":{"line":13,"column":20},"end":{"line":13,"column":21}},"loc":{"start":{"line":13,"column":30},"end":{"line":13,"column":60}},"line":13}},"branchMap":{},"s":{"0":5,"1":5,"2":5,"3":5,"4":5,"5":5,"6":5,"7":5,"8":0},"f":{"0":5,"1":5,"2":0},"b":{},"_coverageSchema":"1a1c01bbd47fc00a2c39e90264f33305004495a9","hash":"93e9dc24b7c2c30527211d3f22b99259f2fb8e6e"}
,"E:\\КУРС\\WebManagerCourse\\server\\models\\BaseModel.cjs": {"path":"E:\\КУРС\\WebManagerCourse\\server\\models\\BaseModel.cjs","statementMap":{"0":{"start":{"line":3,"column":18},"end":{"line":3,"column":38}},"1":{"start":{"line":5,"column":0},"end":{"line":9,"column":1}},"2":{"start":{"line":7,"column":4},"end":{"line":7,"column":23}}},"fnMap":{"0":{"name":"(anonymous_0)","decl":{"start":{"line":6,"column":2},"end":{"line":6,"column":3}},"loc":{"start":{"line":6,"column":26},"end":{"line":8,"column":3}},"line":6}},"branchMap":{},"s":{"0":6,"1":6,"2":4},"f":{"0":4},"b":{},"inputSourceMap":null,"_coverageSchema":"1a1c01bbd47fc00a2c39e90264f33305004495a9","hash":"5394e5bfcce688a320add972a30c653e49c55be4"}
,"E:\\КУРС\\WebManagerCourse\\server\\models\\Label.cjs": {"path":"E:\\КУРС\\WebManagerCourse\\server\\models\\Label.cjs","statementMap":{"0":{"start":{"line":3,"column":24},"end":{"line":3,"column":51}},"1":{"start":{"line":4,"column":18},"end":{"line":4,"column":44}},"2":{"start":{"line":6,"column":15},"end":{"line":6,"column":52}},"3":{"start":{"line":8,"column":0},"end":{"line":23,"column":2}},"4":{"start":{"line":10,"column":4},"end":{"line":10,"column":20}},"5":{"start":{"line":14,"column":4},"end":{"line":21,"column":6}}},"fnMap":{"0":{"name":"(anonymous_0)","decl":{"start":{"line":9,"column":2},"end":{"line":9,"column":3}},"loc":{"start":{"line":9,"column":25},"end":{"line":11,"column":3}},"line":9},"1":{"name":"(anonymous_1)","decl":{"start":{"line":13,"column":2},"end":{"line":13,"column":3}},"loc":{"start":{"line":13,"column":26},"end":{"line":22,"column":3}},"line":13}},"branchMap":{},"s":{"0":6,"1":6,"2":6,"3":6,"4":115,"5":2},"f":{"0":115,"1":2},"b":{},"inputSourceMap":null,"_coverageSchema":"1a1c01bbd47fc00a2c39e90264f33305004495a9","hash":"34cf48805d6f22d5f44cd02705247dae29812e16"}
,"E:\\КУРС\\WebManagerCourse\\server\\models\\Status.cjs": {"path":"E:\\КУРС\\WebManagerCourse\\server\\models\\Status.cjs","statementMap":{"0":{"start":{"line":3,"column":24},"end":{"line":3,"column":51}},"1":{"start":{"line":4,"column":18},"end":{"line":4,"column":44}},"2":{"start":{"line":6,"column":15},"end":{"line":6,"column":52}},"3":{"start":{"line":8,"column":0},"end":{"line":23,"column":2}},"4":{"start":{"line":10,"column":4},"end":{"line":10,"column":22}},"5":{"start":{"line":14,"column":4},"end":{"line":21,"column":6}}},"fnMap":{"0":{"name":"(anonymous_0)","decl":{"start":{"line":9,"column":2},"end":{"line":9,"column":3}},"loc":{"start":{"line":9,"column":25},"end":{"line":11,"column":3}},"line":9},"1":{"name":"(anonymous_1)","decl":{"start":{"line":13,"column":2},"end":{"line":13,"column":3}},"loc":{"start":{"line":13,"column":26},"end":{"line":22,"column":3}},"line":13}},"branchMap":{},"s":{"0":6,"1":6,"2":6,"3":6,"4":82,"5":2},"f":{"0":82,"1":2},"b":{},"inputSourceMap":null,"_coverageSchema":"1a1c01bbd47fc00a2c39e90264f33305004495a9","hash":"c2bd091c3c5da8bed310c00f5a345727b7d44268"}
,"E:\\КУРС\\WebManagerCourse\\server\\models\\Task.cjs": {"path":"E:\\КУРС\\WebManagerCourse\\server\\models\\Task.cjs","statementMap":{"0":{"start":{"line":3,"column":24},"end":{"line":3,"column":51}},"1":{"start":{"line":4,"column":18},"end":{"line":4,"column":44}},"2":{"start":{"line":5,"column":15},"end":{"line":5,"column":38}},"3":{"start":{"line":6,"column":13},"end":{"line":6,"column":34}},"4":{"start":{"line":7,"column":14},"end":{"line":7,"column":36}},"5":{"start":{"line":9,"column":15},"end":{"line":9,"column":52}},"6":{"start":{"line":11,"column":0},"end":{"line":71,"column":2}},"7":{"start":{"line":13,"column":4},"end":{"line":13,"column":19}},"8":{"start":{"line":17,"column":4},"end":{"line":28,"column":6}},"9":{"start":{"line":32,"column":4},"end":{"line":69,"column":6}}},"fnMap":{"0":{"name":"(anonymous_0)","decl":{"start":{"line":12,"column":2},"end":{"line":12,"column":3}},"loc":{"start":{"line":12,"column":25},"end":{"line":14,"column":3}},"line":12},"1":{"name":"(anonymous_1)","decl":{"start":{"line":16,"column":2},"end":{"line":16,"column":3}},"loc":{"start":{"line":16,"column":26},"end":{"line":29,"column":3}},"line":16},"2":{"name":"(anonymous_2)","decl":{"start":{"line":31,"column":2},"end":{"line":31,"column":3}},"loc":{"start":{"line":31,"column":32},"end":{"line":70,"column":3}},"line":31}},"branchMap":{},"s":{"0":6,"1":6,"2":6,"3":6,"4":6,"5":6,"6":6,"7":140,"8":1,"9":1},"f":{"0":140,"1":1,"2":1},"b":{},"inputSourceMap":null,"_coverageSchema":"1a1c01bbd47fc00a2c39e90264f33305004495a9","hash":"09ba18678c43f1df92e686d2fa9f06a0c9a4941a"}
,"E:\\КУРС\\WebManagerCourse\\server\\models\\User.cjs": {"path":"E:\\КУРС\\WebManagerCourse\\server\\models\\User.cjs","statementMap":{"0":{"start":{"line":3,"column":24},"end":{"line":3,"column":51}},"1":{"start":{"line":4,"column":18},"end":{"line":4,"column":44}},"2":{"start":{"line":5,"column":16},"end":{"line":5,"column":44}},"3":{"start":{"line":7,"column":15},"end":{"line":7,"column":53}},"4":{"start":{"line":9,"column":0},"end":{"line":33,"column":2}},"5":{"start":{"line":11,"column":4},"end":{"line":11,"column":19}},"6":{"start":{"line":15,"column":4},"end":{"line":23,"column":6}},"7":{"start":{"line":27,"column":4},"end":{"line":27,"column":41}},"8":{"start":{"line":31,"column":4},"end":{"line":31,"column":53}}},"fnMap":{"0":{"name":"(anonymous_0)","decl":{"start":{"line":10,"column":2},"end":{"line":10,"column":3}},"loc":{"start":{"line":10,"column":25},"end":{"line":12,"column":3}},"line":10},"1":{"name":"(anonymous_1)","decl":{"start":{"line":14,"column":2},"end":{"line":14,"column":3}},"loc":{"start":{"line":14,"column":26},"end":{"line":24,"column":3}},"line":14},"2":{"name":"(anonymous_2)","decl":{"start":{"line":26,"column":2},"end":{"line":26,"column":3}},"loc":{"start":{"line":26,"column":22},"end":{"line":28,"column":3}},"line":26},"3":{"name":"(anonymous_3)","decl":{"start":{"line":30,"column":2},"end":{"line":30,"column":3}},"loc":{"start":{"line":30,"column":27},"end":{"line":32,"column":3}},"line":30}},"branchMap":{},"s":{"0":6,"1":6,"2":6,"3":6,"4":6,"5":228,"6":5,"7":3,"8":5},"f":{"0":228,"1":5,"2":3,"3":5},"b":{},"inputSourceMap":null,"_coverageSchema":"1a1c01bbd47fc00a2c39e90264f33305004495a9","hash":"dd68958b081539d359dcb1a0ef6f6dc674dea0ab"}
,"E:\\КУРС\\WebManagerCourse\\server\\models\\index.js": {"path":"E:\\КУРС\\WebManagerCourse\\server\\models\\index.js","statementMap":{},"fnMap":{},"branchMap":{},"s":{},"f":{},"b":{},"_coverageSchema":"1a1c01bbd47fc00a2c39e90264f33305004495a9","hash":"b56e316b56dee09c52708c4a62e9cfe414b41abd"}
,"E:\\КУРС\\WebManagerCourse\\server\\models\\tasksLabels.cjs": {"path":"E:\\КУРС\\WebManagerCourse\\server\\models\\tasksLabels.cjs","statementMap":{"0":{"start":{"line":3,"column":24},"end":{"line":3,"column":51}},"1":{"start":{"line":4,"column":18},"end":{"line":4,"column":44}},"2":{"start":{"line":6,"column":15},"end":{"line":6,"column":67}},"3":{"start":{"line":8,"column":0},"end":{"line":23,"column":2}},"4":{"start":{"line":10,"column":4},"end":{"line":10,"column":25}},"5":{"start":{"line":14,"column":4},"end":{"line":21,"column":6}}},"fnMap":{"0":{"name":"(anonymous_0)","decl":{"start":{"line":9,"column":2},"end":{"line":9,"column":3}},"loc":{"start":{"line":9,"column":25},"end":{"line":11,"column":3}},"line":9},"1":{"name":"(anonymous_1)","decl":{"start":{"line":13,"column":2},"end":{"line":13,"column":3}},"loc":{"start":{"line":13,"column":26},"end":{"line":22,"column":3}},"line":13}},"branchMap":{},"s":{"0":6,"1":6,"2":6,"3":6,"4":9,"5":0},"f":{"0":9,"1":0},"b":{},"inputSourceMap":null,"_coverageSchema":"1a1c01bbd47fc00a2c39e90264f33305004495a9","hash":"1ae78479c14a08373d921e20b0e4561b458b77cf"}
,"E:\\КУРС\\WebManagerCourse\\server\\routes\\changeLang.js": {"path":"E:\\КУРС\\WebManagerCourse\\server\\routes\\changeLang.js","statementMap":{"0":{"start":{"line":4,"column":2},"end":{"line":9,"column":7}},"1":{"start":{"line":6,"column":18},"end":{"line":6,"column":57}},"2":{"start":{"line":7,"column":6},"end":{"line":7,"column":34}},"3":{"start":{"line":8,"column":6},"end":{"line":8,"column":42}}},"fnMap":{"0":{"name":"(anonymous_0)","decl":{"start":{"line":3,"column":15},"end":{"line":3,"column":16}},"loc":{"start":{"line":3,"column":24},"end":{"line":10,"column":1}},"line":3},"1":{"name":"(anonymous_1)","decl":{"start":{"line":5,"column":54},"end":{"line":5,"column":55}},"loc":{"start":{"line":5,"column":70},"end":{"line":9,"column":5}},"line":5}},"branchMap":{"0":{"loc":{"start":{"line":6,"column":18},"end":{"line":6,"column":57}},"type":"cond-expr","locations":[{"start":{"line":6,"column":46},"end":{"line":6,"column":50}},{"start":{"line":6,"column":53},"end":{"line":6,"column":57}}],"line":6}},"s":{"0":6,"1":0,"2":0,"3":0},"f":{"0":6,"1":0},"b":{"0":[0,0]},"_coverageSchema":"1a1c01bbd47fc00a2c39e90264f33305004495a9","hash":"c92083f52737a8d59006ef9aeb11dcd745e4a852"}
,"E:\\КУРС\\WebManagerCourse\\server\\routes\\index.js": {"path":"E:\\КУРС\\WebManagerCourse\\server\\routes\\index.js","statementMap":{"0":{"start":{"line":11,"column":20},"end":{"line":19,"column":1}},"1":{"start":{"line":21,"column":24},"end":{"line":21,"column":58}},"2":{"start":{"line":21,"column":51},"end":{"line":21,"column":57}}},"fnMap":{"0":{"name":"(anonymous_0)","decl":{"start":{"line":21,"column":15},"end":{"line":21,"column":16}},"loc":{"start":{"line":21,"column":24},"end":{"line":21,"column":58}},"line":21},"1":{"name":"(anonymous_1)","decl":{"start":{"line":21,"column":44},"end":{"line":21,"column":45}},"loc":{"start":{"line":21,"column":51},"end":{"line":21,"column":57}},"line":21}},"branchMap":{},"s":{"0":6,"1":6,"2":42},"f":{"0":6,"1":42},"b":{},"_coverageSchema":"1a1c01bbd47fc00a2c39e90264f33305004495a9","hash":"0783265b68d0c0191e27fd22b098f28ebe6507ed"}
,"E:\\КУРС\\WebManagerCourse\\server\\routes\\labels.js": {"path":"E:\\КУРС\\WebManagerCourse\\server\\routes\\labels.js","statementMap":{"0":{"start":{"line":6,"column":2},"end":{"line":71,"column":7}},"1":{"start":{"line":8,"column":6},"end":{"line":8,"column":35}},"2":{"start":{"line":9,"column":21},"end":{"line":9,"column":61}},"3":{"start":{"line":10,"column":6},"end":{"line":10,"column":47}},"4":{"start":{"line":11,"column":6},"end":{"line":11,"column":19}},"5":{"start":{"line":14,"column":6},"end":{"line":14,"column":35}},"6":{"start":{"line":15,"column":20},"end":{"line":15,"column":52}},"7":{"start":{"line":16,"column":6},"end":{"line":16,"column":51}},"8":{"start":{"line":19,"column":6},"end":{"line":19,"column":35}},"9":{"start":{"line":20,"column":23},"end":{"line":20,"column":31}},"10":{"start":{"line":21,"column":20},"end":{"line":21,"column":52}},"11":{"start":{"line":22,"column":6},"end":{"line":22,"column":23}},"12":{"start":{"line":24,"column":6},"end":{"line":32,"column":7}},"13":{"start":{"line":25,"column":27},"end":{"line":25,"column":74}},"14":{"start":{"line":26,"column":8},"end":{"line":26,"column":68}},"15":{"start":{"line":27,"column":8},"end":{"line":27,"column":68}},"16":{"start":{"line":28,"column":8},"end":{"line":28,"column":46}},"17":{"start":{"line":30,"column":8},"end":{"line":30,"column":67}},"18":{"start":{"line":31,"column":8},"end":{"line":31,"column":54}},"19":{"start":{"line":34,"column":6},"end":{"line":34,"column":19}},"20":{"start":{"line":37,"column":6},"end":{"line":37,"column":35}},"21":{"start":{"line":38,"column":20},"end":{"line":38,"column":84}},"22":{"start":{"line":39,"column":6},"end":{"line":39,"column":45}},"23":{"start":{"line":40,"column":6},"end":{"line":40,"column":19}},"24":{"start":{"line":43,"column":6},"end":{"line":43,"column":35}},"25":{"start":{"line":44,"column":20},"end":{"line":44,"column":84}},"26":{"start":{"line":46,"column":6},"end":{"line":53,"column":7}},"27":{"start":{"line":47,"column":8},"end":{"line":47,"column":65}},"28":{"start":{"line":48,"column":8},"end":{"line":48,"column":67}},"29":{"start":{"line":49,"column":8},"end":{"line":49,"column":46}},"30":{"start":{"line":51,"column":8},"end":{"line":51,"column":66}},"31":{"start":{"line":52,"column":8},"end":{"line":52,"column":68}},"32":{"start":{"line":55,"column":6},"end":{"line":55,"column":19}},"33":{"start":{"line":58,"column":6},"end":{"line":58,"column":35}},"34":{"start":{"line":59,"column":21},"end":{"line":59,"column":31}},"35":{"start":{"line":60,"column":24},"end":{"line":60,"column":91}},"36":{"start":{"line":62,"column":6},"end":{"line":69,"column":7}},"37":{"start":{"line":63,"column":8},"end":{"line":63,"column":67}},"38":{"start":{"line":64,"column":8},"end":{"line":64,"column":34}},"39":{"start":{"line":66,"column":8},"end":{"line":66,"column":64}},"40":{"start":{"line":67,"column":8},"end":{"line":67,"column":68}},"41":{"start":{"line":68,"column":8},"end":{"line":68,"column":34}},"42":{"start":{"line":70,"column":6},"end":{"line":70,"column":19}}},"fnMap":{"0":{"name":"(anonymous_0)","decl":{"start":{"line":5,"column":15},"end":{"line":5,"column":16}},"loc":{"start":{"line":5,"column":24},"end":{"line":72,"column":1}},"line":5},"1":{"name":"(anonymous_1)","decl":{"start":{"line":7,"column":40},"end":{"line":7,"column":41}},"loc":{"start":{"line":7,"column":62},"end":{"line":12,"column":5}},"line":7},"2":{"name":"(anonymous_2)","decl":{"start":{"line":13,"column":46},"end":{"line":13,"column":47}},"loc":{"start":{"line":13,"column":62},"end":{"line":17,"column":5}},"line":13},"3":{"name":"(anonymous_3)","decl":{"start":{"line":18,"column":21},"end":{"line":18,"column":22}},"loc":{"start":{"line":18,"column":43},"end":{"line":35,"column":5}},"line":18},"4":{"name":"(anonymous_4)","decl":{"start":{"line":36,"column":29},"end":{"line":36,"column":30}},"loc":{"start":{"line":36,"column":51},"end":{"line":41,"column":5}},"line":36},"5":{"name":"(anonymous_5)","decl":{"start":{"line":42,"column":26},"end":{"line":42,"column":27}},"loc":{"start":{"line":42,"column":48},"end":{"line":56,"column":5}},"line":42},"6":{"name":"(anonymous_6)","decl":{"start":{"line":57,"column":27},"end":{"line":57,"column":28}},"loc":{"start":{"line":57,"column":49},"end":{"line":71,"column":5}},"line":57}},"branchMap":{"0":{"loc":{"start":{"line":62,"column":6},"end":{"line":69,"column":7}},"type":"if","locations":[{"start":{"line":62,"column":6},"end":{"line":69,"column":7}},{"start":{"line":65,"column":13},"end":{"line":69,"column":7}}],"line":62}},"s":{"0":6,"1":1,"2":1,"3":1,"4":1,"5":1,"6":1,"7":1,"8":1,"9":1,"10":1,"11":1,"12":1,"13":1,"14":1,"15":1,"16":1,"17":0,"18":0,"19":1,"20":1,"21":1,"22":1,"23":1,"24":1,"25":1,"26":1,"27":1,"28":1,"29":1,"30":0,"31":0,"32":1,"33":1,"34":1,"35":1,"36":1,"37":0,"38":0,"39":1,"40":1,"41":1,"42":1},"f":{"0":6,"1":1,"2":1,"3":1,"4":1,"5":1,"6":1},"b":{"0":[0,1]},"_coverageSchema":"1a1c01bbd47fc00a2c39e90264f33305004495a9","hash":"627ddd873af5b4663cefafaf242a9891e0508e3c"}
,"E:\\КУРС\\WebManagerCourse\\server\\routes\\session.js": {"path":"E:\\КУРС\\WebManagerCourse\\server\\routes\\session.js","statementMap":{"0":{"start":{"line":6,"column":2},"end":{"line":32,"column":7}},"1":{"start":{"line":8,"column":25},"end":{"line":8,"column":27}},"2":{"start":{"line":9,"column":6},"end":{"line":9,"column":50}},"3":{"start":{"line":12,"column":6},"end":{"line":14,"column":7}},"4":{"start":{"line":13,"column":8},"end":{"line":13,"column":55}},"5":{"start":{"line":15,"column":6},"end":{"line":22,"column":7}},"6":{"start":{"line":16,"column":27},"end":{"line":16,"column":40}},"7":{"start":{"line":17,"column":23},"end":{"line":19,"column":9}},"8":{"start":{"line":20,"column":8},"end":{"line":20,"column":60}},"9":{"start":{"line":21,"column":8},"end":{"line":21,"column":21}},"10":{"start":{"line":23,"column":6},"end":{"line":23,"column":28}},"11":{"start":{"line":24,"column":6},"end":{"line":24,"column":70}},"12":{"start":{"line":25,"column":6},"end":{"line":25,"column":42}},"13":{"start":{"line":26,"column":6},"end":{"line":26,"column":19}},"14":{"start":{"line":29,"column":6},"end":{"line":29,"column":19}},"15":{"start":{"line":30,"column":6},"end":{"line":30,"column":67}},"16":{"start":{"line":31,"column":6},"end":{"line":31,"column":42}}},"fnMap":{"0":{"name":"(anonymous_0)","decl":{"start":{"line":5,"column":15},"end":{"line":5,"column":16}},"loc":{"start":{"line":5,"column":24},"end":{"line":33,"column":1}},"line":5},"1":{"name":"(anonymous_1)","decl":{"start":{"line":7,"column":49},"end":{"line":7,"column":50}},"loc":{"start":{"line":7,"column":65},"end":{"line":10,"column":5}},"line":7},"2":{"name":"(anonymous_2)","decl":{"start":{"line":11,"column":71},"end":{"line":11,"column":72}},"loc":{"start":{"line":11,"column":104},"end":{"line":27,"column":5}},"line":11},"3":{"name":"(anonymous_3)","decl":{"start":{"line":28,"column":24},"end":{"line":28,"column":25}},"loc":{"start":{"line":28,"column":40},"end":{"line":32,"column":5}},"line":28}},"branchMap":{"0":{"loc":{"start":{"line":12,"column":6},"end":{"line":14,"column":7}},"type":"if","locations":[{"start":{"line":12,"column":6},"end":{"line":14,"column":7}},{"start":{},"end":{}}],"line":12},"1":{"loc":{"start":{"line":15,"column":6},"end":{"line":22,"column":7}},"type":"if","locations":[{"start":{"line":15,"column":6},"end":{"line":22,"column":7}},{"start":{},"end":{}}],"line":15}},"s":{"0":6,"1":1,"2":1,"3":5,"4":0,"5":5,"6":0,"7":0,"8":0,"9":0,"10":5,"11":5,"12":5,"13":5,"14":1,"15":1,"16":1},"f":{"0":6,"1":1,"2":5,"3":1},"b":{"0":[0,5],"1":[0,5]},"_coverageSchema":"1a1c01bbd47fc00a2c39e90264f33305004495a9","hash":"c561d871116211cc1c211053e8e1f90435012cd4"}
,"E:\\КУРС\\WebManagerCourse\\server\\routes\\statuses.js": {"path":"E:\\КУРС\\WebManagerCourse\\server\\routes\\statuses.js","statementMap":{"0":{"start":{"line":6,"column":2},"end":{"line":69,"column":7}},"1":{"start":{"line":8,"column":6},"end":{"line":8,"column":35}},"2":{"start":{"line":9,"column":23},"end":{"line":9,"column":64}},"3":{"start":{"line":10,"column":6},"end":{"line":10,"column":51}},"4":{"start":{"line":11,"column":6},"end":{"line":11,"column":19}},"5":{"start":{"line":14,"column":6},"end":{"line":14,"column":35}},"6":{"start":{"line":15,"column":21},"end":{"line":15,"column":54}},"7":{"start":{"line":16,"column":6},"end":{"line":16,"column":54}},"8":{"start":{"line":19,"column":6},"end":{"line":19,"column":35}},"9":{"start":{"line":20,"column":21},"end":{"line":20,"column":54}},"10":{"start":{"line":21,"column":6},"end":{"line":21,"column":33}},"11":{"start":{"line":23,"column":6},"end":{"line":31,"column":7}},"12":{"start":{"line":24,"column":28},"end":{"line":24,"column":85}},"13":{"start":{"line":25,"column":8},"end":{"line":25,"column":70}},"14":{"start":{"line":26,"column":8},"end":{"line":26,"column":70}},"15":{"start":{"line":27,"column":8},"end":{"line":27,"column":48}},"16":{"start":{"line":29,"column":8},"end":{"line":29,"column":69}},"17":{"start":{"line":30,"column":8},"end":{"line":30,"column":57}},"18":{"start":{"line":33,"column":6},"end":{"line":33,"column":19}},"19":{"start":{"line":36,"column":6},"end":{"line":36,"column":35}},"20":{"start":{"line":37,"column":21},"end":{"line":37,"column":86}},"21":{"start":{"line":38,"column":6},"end":{"line":38,"column":48}},"22":{"start":{"line":39,"column":6},"end":{"line":39,"column":19}},"23":{"start":{"line":42,"column":6},"end":{"line":42,"column":35}},"24":{"start":{"line":43,"column":21},"end":{"line":43,"column":86}},"25":{"start":{"line":45,"column":6},"end":{"line":52,"column":7}},"26":{"start":{"line":46,"column":8},"end":{"line":46,"column":66}},"27":{"start":{"line":47,"column":8},"end":{"line":47,"column":69}},"28":{"start":{"line":48,"column":8},"end":{"line":48,"column":48}},"29":{"start":{"line":50,"column":8},"end":{"line":50,"column":68}},"30":{"start":{"line":51,"column":8},"end":{"line":51,"column":71}},"31":{"start":{"line":54,"column":6},"end":{"line":54,"column":19}},"32":{"start":{"line":57,"column":6},"end":{"line":57,"column":35}},"33":{"start":{"line":58,"column":21},"end":{"line":58,"column":31}},"34":{"start":{"line":59,"column":24},"end":{"line":59,"column":88}},"35":{"start":{"line":60,"column":6},"end":{"line":67,"column":7}},"36":{"start":{"line":61,"column":8},"end":{"line":61,"column":69}},"37":{"start":{"line":62,"column":8},"end":{"line":62,"column":36}},"38":{"start":{"line":64,"column":8},"end":{"line":64,"column":65}},"39":{"start":{"line":65,"column":8},"end":{"line":65,"column":70}},"40":{"start":{"line":66,"column":8},"end":{"line":66,"column":36}},"41":{"start":{"line":68,"column":6},"end":{"line":68,"column":19}}},"fnMap":{"0":{"name":"(anonymous_0)","decl":{"start":{"line":5,"column":15},"end":{"line":5,"column":16}},"loc":{"start":{"line":5,"column":24},"end":{"line":70,"column":1}},"line":5},"1":{"name":"(anonymous_1)","decl":{"start":{"line":7,"column":44},"end":{"line":7,"column":45}},"loc":{"start":{"line":7,"column":66},"end":{"line":12,"column":5}},"line":7},"2":{"name":"(anonymous_2)","decl":{"start":{"line":13,"column":49},"end":{"line":13,"column":50}},"loc":{"start":{"line":13,"column":65},"end":{"line":17,"column":5}},"line":13},"3":{"name":"(anonymous_3)","decl":{"start":{"line":18,"column":23},"end":{"line":18,"column":24}},"loc":{"start":{"line":18,"column":45},"end":{"line":34,"column":5}},"line":18},"4":{"name":"(anonymous_4)","decl":{"start":{"line":35,"column":31},"end":{"line":35,"column":32}},"loc":{"start":{"line":35,"column":53},"end":{"line":40,"column":5}},"line":35},"5":{"name":"(anonymous_5)","decl":{"start":{"line":41,"column":28},"end":{"line":41,"column":29}},"loc":{"start":{"line":41,"column":50},"end":{"line":55,"column":5}},"line":41},"6":{"name":"(anonymous_6)","decl":{"start":{"line":56,"column":29},"end":{"line":56,"column":30}},"loc":{"start":{"line":56,"column":51},"end":{"line":69,"column":5}},"line":56}},"branchMap":{"0":{"loc":{"start":{"line":60,"column":6},"end":{"line":67,"column":7}},"type":"if","locations":[{"start":{"line":60,"column":6},"end":{"line":67,"column":7}},{"start":{"line":63,"column":13},"end":{"line":67,"column":7}}],"line":60}},"s":{"0":6,"1":1,"2":1,"3":1,"4":1,"5":1,"6":1,"7":1,"8":1,"9":1,"10":1,"11":1,"12":1,"13":1,"14":1,"15":1,"16":0,"17":0,"18":1,"19":1,"20":1,"21":1,"22":1,"23":1,"24":1,"25":1,"26":1,"27":1,"28":1,"29":0,"30":0,"31":1,"32":1,"33":1,"34":1,"35":1,"36":0,"37":0,"38":1,"39":1,"40":1,"41":1},"f":{"0":6,"1":1,"2":1,"3":1,"4":1,"5":1,"6":1},"b":{"0":[0,1]},"_coverageSchema":"1a1c01bbd47fc00a2c39e90264f33305004495a9","hash":"d892bb987762c9798238d3dc0f5b2cd96c18921e"}
,"E:\\КУРС\\WebManagerCourse\\server\\routes\\tasks.js": {"path":"E:\\КУРС\\WebManagerCourse\\server\\routes\\tasks.js","statementMap":{"0":{"start":{"line":6,"column":2},"end":{"line":163,"column":7}},"1":{"start":{"line":8,"column":6},"end":{"line":8,"column":35}},"2":{"start":{"line":9,"column":21},"end":{"line":9,"column":37}},"3":{"start":{"line":10,"column":6},"end":{"line":10,"column":38}},"4":{"start":{"line":12,"column":20},"end":{"line":31,"column":64}},"5":{"start":{"line":14,"column":10},"end":{"line":16,"column":11}},"6":{"start":{"line":15,"column":12},"end":{"line":15,"column":53}},"7":{"start":{"line":17,"column":10},"end":{"line":19,"column":11}},"8":{"start":{"line":18,"column":12},"end":{"line":18,"column":57}},"9":{"start":{"line":20,"column":10},"end":{"line":25,"column":11}},"10":{"start":{"line":21,"column":12},"end":{"line":24,"column":14}},"11":{"start":{"line":26,"column":10},"end":{"line":29,"column":11}},"12":{"start":{"line":27,"column":12},"end":{"line":27,"column":37}},"13":{"start":{"line":28,"column":12},"end":{"line":28,"column":52}},"14":{"start":{"line":32,"column":6},"end":{"line":32,"column":38}},"15":{"start":{"line":34,"column":23},"end":{"line":34,"column":64}},"16":{"start":{"line":35,"column":20},"end":{"line":35,"column":59}},"17":{"start":{"line":36,"column":21},"end":{"line":36,"column":61}},"18":{"start":{"line":37,"column":6},"end":{"line":39,"column":9}},"19":{"start":{"line":40,"column":6},"end":{"line":40,"column":19}},"20":{"start":{"line":43,"column":6},"end":{"line":43,"column":35}},"21":{"start":{"line":44,"column":19},"end":{"line":44,"column":50}},"22":{"start":{"line":45,"column":23},"end":{"line":45,"column":64}},"23":{"start":{"line":46,"column":20},"end":{"line":46,"column":59}},"24":{"start":{"line":47,"column":21},"end":{"line":47,"column":61}},"25":{"start":{"line":48,"column":6},"end":{"line":50,"column":9}},"26":{"start":{"line":51,"column":6},"end":{"line":51,"column":19}},"27":{"start":{"line":54,"column":6},"end":{"line":54,"column":35}},"28":{"start":{"line":55,"column":6},"end":{"line":55,"column":27}},"29":{"start":{"line":56,"column":23},"end":{"line":56,"column":31}},"30":{"start":{"line":58,"column":23},"end":{"line":63,"column":7}},"31":{"start":{"line":65,"column":6},"end":{"line":95,"column":7}},"32":{"start":{"line":66,"column":8},"end":{"line":80,"column":11}},"33":{"start":{"line":67,"column":10},"end":{"line":67,"column":29}},"34":{"start":{"line":68,"column":10},"end":{"line":68,"column":28}},"35":{"start":{"line":69,"column":28},"end":{"line":69,"column":78}},"36":{"start":{"line":71,"column":29},"end":{"line":71,"column":97}},"37":{"start":{"line":72,"column":10},"end":{"line":72,"column":53}},"38":{"start":{"line":74,"column":10},"end":{"line":78,"column":11}},"39":{"start":{"line":75,"column":12},"end":{"line":77,"column":14}},"40":{"start":{"line":76,"column":50},"end":{"line":76,"column":103}},"41":{"start":{"line":79,"column":10},"end":{"line":79,"column":28}},"42":{"start":{"line":82,"column":8},"end":{"line":82,"column":67}},"43":{"start":{"line":83,"column":8},"end":{"line":83,"column":45}},"44":{"start":{"line":85,"column":8},"end":{"line":85,"column":37}},"45":{"start":{"line":86,"column":21},"end":{"line":86,"column":52}},"46":{"start":{"line":87,"column":25},"end":{"line":87,"column":66}},"47":{"start":{"line":88,"column":22},"end":{"line":88,"column":61}},"48":{"start":{"line":89,"column":23},"end":{"line":89,"column":63}},"49":{"start":{"line":91,"column":8},"end":{"line":91,"column":66}},"50":{"start":{"line":92,"column":8},"end":{"line":94,"column":11}},"51":{"start":{"line":97,"column":6},"end":{"line":97,"column":19}},"52":{"start":{"line":100,"column":6},"end":{"line":100,"column":35}},"53":{"start":{"line":101,"column":19},"end":{"line":101,"column":138}},"54":{"start":{"line":102,"column":6},"end":{"line":102,"column":43}},"55":{"start":{"line":103,"column":6},"end":{"line":103,"column":19}},"56":{"start":{"line":106,"column":6},"end":{"line":106,"column":35}},"57":{"start":{"line":107,"column":19},"end":{"line":107,"column":138}},"58":{"start":{"line":108,"column":23},"end":{"line":108,"column":64}},"59":{"start":{"line":109,"column":20},"end":{"line":109,"column":59}},"60":{"start":{"line":110,"column":21},"end":{"line":110,"column":61}},"61":{"start":{"line":111,"column":6},"end":{"line":111,"column":40}},"62":{"start":{"line":112,"column":6},"end":{"line":114,"column":9}},"63":{"start":{"line":115,"column":6},"end":{"line":115,"column":19}},"64":{"start":{"line":118,"column":6},"end":{"line":118,"column":35}},"65":{"start":{"line":119,"column":23},"end":{"line":119,"column":31}},"66":{"start":{"line":120,"column":6},"end":{"line":120,"column":43}},"67":{"start":{"line":121,"column":6},"end":{"line":121,"column":55}},"68":{"start":{"line":122,"column":6},"end":{"line":122,"column":62}},"69":{"start":{"line":124,"column":19},"end":{"line":124,"column":138}},"70":{"start":{"line":126,"column":6},"end":{"line":145,"column":7}},"71":{"start":{"line":127,"column":8},"end":{"line":127,"column":40}},"72":{"start":{"line":128,"column":8},"end":{"line":128,"column":54}},"73":{"start":{"line":129,"column":8},"end":{"line":133,"column":9}},"74":{"start":{"line":130,"column":10},"end":{"line":132,"column":13}},"75":{"start":{"line":131,"column":12},"end":{"line":131,"column":61}},"76":{"start":{"line":134,"column":8},"end":{"line":134,"column":66}},"77":{"start":{"line":135,"column":8},"end":{"line":135,"column":45}},"78":{"start":{"line":137,"column":8},"end":{"line":137,"column":28}},"79":{"start":{"line":138,"column":25},"end":{"line":138,"column":66}},"80":{"start":{"line":139,"column":22},"end":{"line":139,"column":61}},"81":{"start":{"line":140,"column":23},"end":{"line":140,"column":63}},"82":{"start":{"line":141,"column":8},"end":{"line":141,"column":65}},"83":{"start":{"line":142,"column":8},"end":{"line":144,"column":11}},"84":{"start":{"line":147,"column":6},"end":{"line":147,"column":19}},"85":{"start":{"line":150,"column":6},"end":{"line":150,"column":35}},"86":{"start":{"line":151,"column":21},"end":{"line":151,"column":31}},"87":{"start":{"line":152,"column":19},"end":{"line":152,"column":71}},"88":{"start":{"line":153,"column":6},"end":{"line":161,"column":7}},"89":{"start":{"line":154,"column":8},"end":{"line":154,"column":66}},"90":{"start":{"line":155,"column":8},"end":{"line":155,"column":33}},"91":{"start":{"line":157,"column":8},"end":{"line":157,"column":54}},"92":{"start":{"line":158,"column":8},"end":{"line":158,"column":37}},"93":{"start":{"line":159,"column":8},"end":{"line":159,"column":67}},"94":{"start":{"line":160,"column":8},"end":{"line":160,"column":33}},"95":{"start":{"line":162,"column":6},"end":{"line":162,"column":19}}},"fnMap":{"0":{"name":"(anonymous_0)","decl":{"start":{"line":5,"column":15},"end":{"line":5,"column":16}},"loc":{"start":{"line":5,"column":24},"end":{"line":164,"column":1}},"line":5},"1":{"name":"(anonymous_1)","decl":{"start":{"line":7,"column":38},"end":{"line":7,"column":39}},"loc":{"start":{"line":7,"column":60},"end":{"line":41,"column":5}},"line":7},"2":{"name":"(anonymous_2)","decl":{"start":{"line":13,"column":16},"end":{"line":13,"column":17}},"loc":{"start":{"line":13,"column":29},"end":{"line":30,"column":9}},"line":13},"3":{"name":"(anonymous_3)","decl":{"start":{"line":42,"column":44},"end":{"line":42,"column":45}},"loc":{"start":{"line":42,"column":66},"end":{"line":52,"column":5}},"line":42},"4":{"name":"(anonymous_4)","decl":{"start":{"line":53,"column":20},"end":{"line":53,"column":21}},"loc":{"start":{"line":53,"column":42},"end":{"line":98,"column":5}},"line":53},"5":{"name":"(anonymous_5)","decl":{"start":{"line":66,"column":52},"end":{"line":66,"column":53}},"loc":{"start":{"line":66,"column":67},"end":{"line":80,"column":9}},"line":66},"6":{"name":"(anonymous_6)","decl":{"start":{"line":76,"column":39},"end":{"line":76,"column":40}},"loc":{"start":{"line":76,"column":50},"end":{"line":76,"column":103}},"line":76},"7":{"name":"(anonymous_7)","decl":{"start":{"line":99,"column":23},"end":{"line":99,"column":24}},"loc":{"start":{"line":99,"column":45},"end":{"line":104,"column":5}},"line":99},"8":{"name":"(anonymous_8)","decl":{"start":{"line":105,"column":28},"end":{"line":105,"column":29}},"loc":{"start":{"line":105,"column":50},"end":{"line":116,"column":5}},"line":105},"9":{"name":"(anonymous_9)","decl":{"start":{"line":117,"column":25},"end":{"line":117,"column":26}},"loc":{"start":{"line":117,"column":47},"end":{"line":148,"column":5}},"line":117},"10":{"name":"(anonymous_10)","decl":{"start":{"line":130,"column":35},"end":{"line":130,"column":36}},"loc":{"start":{"line":130,"column":52},"end":{"line":132,"column":11}},"line":130},"11":{"name":"(anonymous_11)","decl":{"start":{"line":149,"column":26},"end":{"line":149,"column":27}},"loc":{"start":{"line":149,"column":48},"end":{"line":163,"column":5}},"line":149}},"branchMap":{"0":{"loc":{"start":{"line":14,"column":10},"end":{"line":16,"column":11}},"type":"if","locations":[{"start":{"line":14,"column":10},"end":{"line":16,"column":11}},{"start":{},"end":{}}],"line":14},"1":{"loc":{"start":{"line":17,"column":10},"end":{"line":19,"column":11}},"type":"if","locations":[{"start":{"line":17,"column":10},"end":{"line":19,"column":11}},{"start":{},"end":{}}],"line":17},"2":{"loc":{"start":{"line":20,"column":10},"end":{"line":25,"column":11}},"type":"if","locations":[{"start":{"line":20,"column":10},"end":{"line":25,"column":11}},{"start":{},"end":{}}],"line":20},"3":{"loc":{"start":{"line":26,"column":10},"end":{"line":29,"column":11}},"type":"if","locations":[{"start":{"line":26,"column":10},"end":{"line":29,"column":11}},{"start":{},"end":{}}],"line":26},"4":{"loc":{"start":{"line":61,"column":18},"end":{"line":61,"column":50}},"type":"binary-expr","locations":[{"start":{"line":61,"column":18},"end":{"line":61,"column":45}},{"start":{"line":61,"column":49},"end":{"line":61,"column":50}}],"line":61},"5":{"loc":{"start":{"line":62,"column":20},"end":{"line":62,"column":57}},"type":"binary-expr","locations":[{"start":{"line":62,"column":20},"end":{"line":62,"column":49}},{"start":{"line":62,"column":53},"end":{"line":62,"column":57}}],"line":62},"6":{"loc":{"start":{"line":74,"column":10},"end":{"line":78,"column":11}},"type":"if","locations":[{"start":{"line":74,"column":10},"end":{"line":78,"column":11}},{"start":{},"end":{}}],"line":74},"7":{"loc":{"start":{"line":121,"column":22},"end":{"line":121,"column":54}},"type":"binary-expr","locations":[{"start":{"line":121,"column":22},"end":{"line":121,"column":49}},{"start":{"line":121,"column":53},"end":{"line":121,"column":54}}],"line":121},"8":{"loc":{"start":{"line":122,"column":24},"end":{"line":122,"column":61}},"type":"binary-expr","locations":[{"start":{"line":122,"column":24},"end":{"line":122,"column":53}},{"start":{"line":122,"column":57},"end":{"line":122,"column":61}}],"line":122},"9":{"loc":{"start":{"line":129,"column":8},"end":{"line":133,"column":9}},"type":"if","locations":[{"start":{"line":129,"column":8},"end":{"line":133,"column":9}},{"start":{},"end":{}}],"line":129},"10":{"loc":{"start":{"line":129,"column":12},"end":{"line":129,"column":49}},"type":"binary-expr","locations":[{"start":{"line":129,"column":12},"end":{"line":129,"column":23}},{"start":{"line":129,"column":27},"end":{"line":129,"column":49}}],"line":129},"11":{"loc":{"start":{"line":153,"column":6},"end":{"line":161,"column":7}},"type":"if","locations":[{"start":{"line":153,"column":6},"end":{"line":161,"column":7}},{"start":{"line":156,"column":13},"end":{"line":161,"column":7}}],"line":153}},"s":{"0":6,"1":2,"2":2,"3":2,"4":2,"5":2,"6":1,"7":2,"8":1,"9":2,"10":1,"11":2,"12":1,"13":1,"14":2,"15":2,"16":2,"17":2,"18":2,"19":2,"20":1,"21":1,"22":1,"23":1,"24":1,"25":1,"26":1,"27":1,"28":1,"29":1,"30":1,"31":1,"32":1,"33":1,"34":1,"35":1,"36":1,"37":1,"38":1,"39":1,"40":2,"41":1,"42":1,"43":1,"44":0,"45":0,"46":0,"47":0,"48":0,"49":0,"50":0,"51":1,"52":0,"53":0,"54":0,"55":0,"56":1,"57":1,"58":1,"59":1,"60":1,"61":1,"62":1,"63":1,"64":1,"65":1,"66":1,"67":1,"68":1,"69":1,"70":1,"71":1,"72":1,"73":1,"74":0,"75":0,"76":1,"77":1,"78":0,"79":0,"80":0,"81":0,"82":0,"83":0,"84":1,"85":1,"86":1,"87":1,"88":1,"89":0,"90":0,"91":1,"92":1,"93":1,"94":1,"95":1},"f":{"0":6,"1":2,"2":2,"3":1,"4":1,"5":1,"6":2,"7":0,"8":1,"9":1,"10":0,"11":1},"b":{"0":[1,1],"1":[1,1],"2":[1,1],"3":[1,1],"4":[1,0],"5":[1,0],"6":[1,0],"7":[1,0],"8":[1,1],"9":[0,1],"10":[1,0],"11":[0,1]},"_coverageSchema":"1a1c01bbd47fc00a2c39e90264f33305004495a9","hash":"6c5053907d1839b6f372857d867c627c79c7f174"}
,"E:\\КУРС\\WebManagerCourse\\server\\routes\\users.js": {"path":"E:\\КУРС\\WebManagerCourse\\server\\routes\\users.js","statementMap":{"0":{"start":{"line":6,"column":2},"end":{"line":71,"column":7}},"1":{"start":{"line":8,"column":26},"end":{"line":8,"column":34}},"2":{"start":{"line":9,"column":20},"end":{"line":9,"column":59}},"3":{"start":{"line":10,"column":6},"end":{"line":10,"column":58}},"4":{"start":{"line":11,"column":6},"end":{"line":11,"column":19}},"5":{"start":{"line":14,"column":19},"end":{"line":14,"column":50}},"6":{"start":{"line":15,"column":6},"end":{"line":15,"column":49}},"7":{"start":{"line":18,"column":19},"end":{"line":18,"column":50}},"8":{"start":{"line":19,"column":6},"end":{"line":19,"column":31}},"9":{"start":{"line":21,"column":6},"end":{"line":29,"column":7}},"10":{"start":{"line":22,"column":26},"end":{"line":22,"column":81}},"11":{"start":{"line":23,"column":8},"end":{"line":23,"column":66}},"12":{"start":{"line":24,"column":8},"end":{"line":24,"column":67}},"13":{"start":{"line":25,"column":8},"end":{"line":25,"column":44}},"14":{"start":{"line":27,"column":8},"end":{"line":27,"column":66}},"15":{"start":{"line":28,"column":8},"end":{"line":28,"column":52}},"16":{"start":{"line":31,"column":6},"end":{"line":31,"column":19}},"17":{"start":{"line":34,"column":6},"end":{"line":34,"column":35}},"18":{"start":{"line":35,"column":6},"end":{"line":35,"column":60}},"19":{"start":{"line":38,"column":6},"end":{"line":38,"column":35}},"20":{"start":{"line":39,"column":22},"end":{"line":39,"column":35}},"21":{"start":{"line":41,"column":6},"end":{"line":49,"column":7}},"22":{"start":{"line":42,"column":23},"end":{"line":42,"column":84}},"23":{"start":{"line":43,"column":8},"end":{"line":43,"column":90}},"24":{"start":{"line":44,"column":8},"end":{"line":44,"column":66}},"25":{"start":{"line":45,"column":8},"end":{"line":45,"column":45}},"26":{"start":{"line":47,"column":8},"end":{"line":47,"column":65}},"27":{"start":{"line":48,"column":8},"end":{"line":48,"column":73}},"28":{"start":{"line":51,"column":6},"end":{"line":51,"column":19}},"29":{"start":{"line":54,"column":6},"end":{"line":54,"column":35}},"30":{"start":{"line":55,"column":21},"end":{"line":55,"column":31}},"31":{"start":{"line":56,"column":24},"end":{"line":57,"column":36}},"32":{"start":{"line":58,"column":6},"end":{"line":69,"column":7}},"33":{"start":{"line":59,"column":8},"end":{"line":59,"column":40}},"34":{"start":{"line":60,"column":8},"end":{"line":60,"column":33}},"35":{"start":{"line":61,"column":13},"end":{"line":69,"column":7}},"36":{"start":{"line":62,"column":8},"end":{"line":62,"column":40}},"37":{"start":{"line":63,"column":8},"end":{"line":63,"column":33}},"38":{"start":{"line":65,"column":8},"end":{"line":65,"column":21}},"39":{"start":{"line":66,"column":8},"end":{"line":66,"column":63}},"40":{"start":{"line":67,"column":8},"end":{"line":67,"column":67}},"41":{"start":{"line":68,"column":8},"end":{"line":68,"column":33}},"42":{"start":{"line":70,"column":6},"end":{"line":70,"column":19}}},"fnMap":{"0":{"name":"(anonymous_0)","decl":{"start":{"line":5,"column":15},"end":{"line":5,"column":16}},"loc":{"start":{"line":5,"column":24},"end":{"line":72,"column":1}},"line":5},"1":{"name":"(anonymous_1)","decl":{"start":{"line":7,"column":38},"end":{"line":7,"column":39}},"loc":{"start":{"line":7,"column":60},"end":{"line":12,"column":5}},"line":7},"2":{"name":"(anonymous_2)","decl":{"start":{"line":13,"column":44},"end":{"line":13,"column":45}},"loc":{"start":{"line":13,"column":60},"end":{"line":16,"column":5}},"line":13},"3":{"name":"(anonymous_3)","decl":{"start":{"line":17,"column":20},"end":{"line":17,"column":21}},"loc":{"start":{"line":17,"column":42},"end":{"line":32,"column":5}},"line":17},"4":{"name":"(anonymous_4)","decl":{"start":{"line":33,"column":50},"end":{"line":33,"column":51}},"loc":{"start":{"line":33,"column":66},"end":{"line":36,"column":5}},"line":33},"5":{"name":"(anonymous_5)","decl":{"start":{"line":37,"column":48},"end":{"line":37,"column":49}},"loc":{"start":{"line":37,"column":70},"end":{"line":52,"column":5}},"line":37},"6":{"name":"(anonymous_6)","decl":{"start":{"line":53,"column":50},"end":{"line":53,"column":51}},"loc":{"start":{"line":53,"column":72},"end":{"line":71,"column":5}},"line":53}},"branchMap":{"0":{"loc":{"start":{"line":58,"column":6},"end":{"line":69,"column":7}},"type":"if","locations":[{"start":{"line":58,"column":6},"end":{"line":69,"column":7}},{"start":{"line":61,"column":13},"end":{"line":69,"column":7}}],"line":58},"1":{"loc":{"start":{"line":61,"column":13},"end":{"line":69,"column":7}},"type":"if","locations":[{"start":{"line":61,"column":13},"end":{"line":69,"column":7}},{"start":{"line":64,"column":13},"end":{"line":69,"column":7}}],"line":61}},"s":{"0":6,"1":1,"2":1,"3":1,"4":1,"5":1,"6":1,"7":1,"8":1,"9":1,"10":1,"11":1,"12":1,"13":1,"14":0,"15":0,"16":1,"17":1,"18":1,"19":1,"20":1,"21":1,"22":1,"23":1,"24":1,"25":1,"26":0,"27":0,"28":1,"29":1,"30":1,"31":1,"32":1,"33":0,"34":0,"35":1,"36":0,"37":0,"38":1,"39":1,"40":1,"41":1,"42":1},"f":{"0":6,"1":1,"2":1,"3":1,"4":1,"5":1,"6":1},"b":{"0":[0,1],"1":[0,1]},"_coverageSchema":"1a1c01bbd47fc00a2c39e90264f33305004495a9","hash":"fcabfa9d0ff6e8e5dc3762ba790ee2ae3dd74854"}
,"E:\\КУРС\\WebManagerCourse\\server\\routes\\welcome.js": {"path":"E:\\КУРС\\WebManagerCourse\\server\\routes\\welcome.js","statementMap":{"0":{"start":{"line":4,"column":2},"end":{"line":10,"column":7}},"1":{"start":{"line":6,"column":6},"end":{"line":6,"column":36}},"2":{"start":{"line":9,"column":6},"end":{"line":9,"column":36}}},"fnMap":{"0":{"name":"(anonymous_0)","decl":{"start":{"line":3,"column":15},"end":{"line":3,"column":16}},"loc":{"start":{"line":3,"column":24},"end":{"line":11,"column":1}},"line":3},"1":{"name":"(anonymous_1)","decl":{"start":{"line":5,"column":32},"end":{"line":5,"column":33}},"loc":{"start":{"line":5,"column":48},"end":{"line":7,"column":5}},"line":5},"2":{"name":"(anonymous_2)","decl":{"start":{"line":8,"column":79},"end":{"line":8,"column":80}},"loc":{"start":{"line":8,"column":95},"end":{"line":10,"column":5}},"line":8}},"branchMap":{},"s":{"0":6,"1":1,"2":0},"f":{"0":6,"1":1,"2":0},"b":{},"_coverageSchema":"1a1c01bbd47fc00a2c39e90264f33305004495a9","hash":"dd72f995a1c0ef947461b9a0847e75e0b0901fe5"}
}
