TN:
SF:knexfile.js
FNF:0
FNH:0
DA:6,6
DA:8,6
DA:12,6
DA:21,6
DA:29,6
LF:5
LH:5
BRF:0
BRH:0
end_of_record
TN:
SF:server\plugin.js
FN:41,(anonymous_0)
FN:54,(anonymous_1)
FN:63,(anonymous_2)
FN:68,render
FN:73,(anonymous_4)
FN:81,(anonymous_5)
FN:82,(anonymous_6)
FN:84,(anonymous_7)
FN:89,(anonymous_8)
FN:90,(anonymous_9)
FN:96,(anonymous_10)
FN:109,(anonymous_11)
FN:111,(anonymous_12)
FN:116,(anonymous_13)
FN:137,(anonymous_14)
FNF:15
FNH:14
FNDA:6,(anonymous_0)
FNDA:6,(anonymous_1)
FNDA:30,(anonymous_2)
FNDA:15,render
FNDA:6,(anonymous_4)
FNDA:6,(anonymous_5)
FNDA:34,(anonymous_6)
FNDA:18,(anonymous_7)
FNDA:6,(anonymous_8)
FNDA:0,(anonymous_9)
FNDA:6,(anonymous_10)
FNDA:23,(anonymous_11)
FNDA:5,(anonymous_12)
FNDA:22,(anonymous_13)
FNDA:6,(anonymous_14)
DA:30,6
DA:36,6
DA:38,6
DA:41,6
DA:42,6
DA:54,6
DA:55,6
DA:56,6
DA:63,30
DA:68,6
DA:69,15
DA:73,6
DA:74,6
DA:75,6
DA:81,6
DA:82,6
DA:83,34
DA:84,18
DA:89,6
DA:90,6
DA:91,0
DA:92,0
DA:96,6
DA:97,6
DA:99,6
DA:100,6
DA:101,6
DA:108,6
DA:109,23
DA:111,6
DA:112,6
DA:113,6
DA:114,6
DA:115,6
DA:116,22
DA:125,6
DA:126,6
DA:132,6
DA:138,6
DA:140,6
DA:141,6
DA:142,6
DA:143,6
DA:144,6
DA:145,6
DA:147,6
LF:46
LH:44
BRDA:38,0,0,6
BRDA:38,0,1,0
BRF:2
BRH:1
end_of_record
TN:
SF:server\helpers\index.js
FN:6,(anonymous_0)
FN:7,(anonymous_1)
FN:10,(anonymous_2)
FN:14,(anonymous_3)
FN:28,(anonymous_4)
FNF:5
FNH:5
FNDA:6,(anonymous_0)
FNDA:108,(anonymous_1)
FNDA:174,(anonymous_2)
FNDA:11,(anonymous_3)
FNDA:3,(anonymous_4)
DA:6,6
DA:8,108
DA:11,174
DA:15,11
DA:19,0
DA:21,11
DA:23,0
DA:25,0
DA:29,3
DA:30,3
LF:10
LH:7
BRDA:15,0,0,0
BRDA:15,0,1,11
BRDA:15,0,2,0
BRDA:15,0,3,0
BRF:4
BRH:1
end_of_record
TN:
SF:server\lib\secure.cjs
FN:8,(anonymous_0)
FNF:1
FNH:1
FNDA:10,(anonymous_0)
DA:3,6
DA:8,10
LF:2
LH:2
BRF:0
BRH:0
end_of_record
TN:
SF:server\lib\passportStrategies\FormStrategy.js
FN:7,(anonymous_0)
FN:12,(anonymous_1)
FNF:2
FNH:2
FNDA:6,(anonymous_0)
FNDA:27,(anonymous_1)
DA:8,6
DA:9,6
DA:13,27
DA:14,22
DA:17,5
DA:18,5
DA:19,5
DA:20,5
DA:21,5
DA:22,5
DA:25,0
LF:11
LH:10
BRDA:13,0,0,22
BRDA:13,0,1,5
BRDA:21,1,0,5
BRDA:21,1,1,0
BRDA:21,2,0,5
BRDA:21,2,1,5
BRF:6
BRH:5
end_of_record
TN:
SF:server\locales\en.js
FNF:0
FNH:0
LF:0
LH:0
BRF:0
BRH:0
end_of_record
TN:
SF:server\locales\ru.js
FNF:0
FNH:0
LF:0
LH:0
BRF:0
BRH:0
end_of_record
TN:
SF:server\migrations\20200716171734_create_labels_table.js
FN:3,(anonymous_0)
FN:4,(anonymous_1)
FN:11,(anonymous_2)
FNF:3
FNH:2
FNDA:5,(anonymous_0)
FNDA:5,(anonymous_1)
FNDA:0,(anonymous_2)
DA:3,5
DA:4,5
DA:5,5
DA:6,5
DA:7,5
DA:11,5
LF:6
LH:6
BRF:0
BRH:0
end_of_record
TN:
SF:server\migrations\20200716171734_create_statuses_table.js
FN:3,(anonymous_0)
FN:4,(anonymous_1)
FN:11,(anonymous_2)
FNF:3
FNH:2
FNDA:5,(anonymous_0)
FNDA:5,(anonymous_1)
FNDA:0,(anonymous_2)
DA:3,5
DA:4,5
DA:5,5
DA:6,5
DA:7,5
DA:11,5
LF:6
LH:6
BRF:0
BRH:0
end_of_record
TN:
SF:server\migrations\20200716171734_create_tasks_labels_table.js
FN:3,(anonymous_0)
FN:4,(anonymous_1)
FN:12,(anonymous_2)
FNF:3
FNH:2
FNDA:5,(anonymous_0)
FNDA:5,(anonymous_1)
FNDA:0,(anonymous_2)
DA:3,5
DA:4,5
DA:5,5
DA:6,5
DA:7,5
DA:8,5
DA:12,5
LF:7
LH:7
BRF:0
BRH:0
end_of_record
TN:
SF:server\migrations\20200716171734_create_tasks_table.js
FN:3,(anonymous_0)
FN:4,(anonymous_1)
FN:15,(anonymous_2)
FNF:3
FNH:2
FNDA:5,(anonymous_0)
FNDA:5,(anonymous_1)
FNDA:0,(anonymous_2)
DA:3,5
DA:4,5
DA:5,5
DA:6,5
DA:7,5
DA:8,5
DA:9,5
DA:10,5
DA:11,5
DA:15,5
LF:10
LH:10
BRF:0
BRH:0
end_of_record
TN:
SF:server\migrations\20200716171734_create_users_table.js
FN:3,(anonymous_0)
FN:4,(anonymous_1)
FN:13,(anonymous_2)
FNF:3
FNH:2
FNDA:5,(anonymous_0)
FNDA:5,(anonymous_1)
FNDA:0,(anonymous_2)
DA:3,5
DA:4,5
DA:5,5
DA:6,5
DA:7,5
DA:8,5
DA:9,5
DA:13,5
LF:8
LH:8
BRF:0
BRH:0
end_of_record
TN:
SF:server\models\BaseModel.cjs
FN:6,(anonymous_0)
FNF:1
FNH:1
FNDA:4,(anonymous_0)
DA:3,6
DA:5,6
DA:7,4
LF:3
LH:3
BRF:0
BRH:0
end_of_record
TN:
SF:server\models\Label.cjs
FN:9,(anonymous_0)
FN:13,(anonymous_1)
FNF:2
FNH:2
FNDA:115,(anonymous_0)
FNDA:2,(anonymous_1)
DA:3,6
DA:4,6
DA:6,6
DA:8,6
DA:10,115
DA:14,2
LF:6
LH:6
BRF:0
BRH:0
end_of_record
TN:
SF:server\models\Status.cjs
FN:9,(anonymous_0)
FN:13,(anonymous_1)
FNF:2
FNH:2
FNDA:82,(anonymous_0)
FNDA:2,(anonymous_1)
DA:3,6
DA:4,6
DA:6,6
DA:8,6
DA:10,82
DA:14,2
LF:6
LH:6
BRF:0
BRH:0
end_of_record
TN:
SF:server\models\Task.cjs
FN:12,(anonymous_0)
FN:16,(anonymous_1)
FN:31,(anonymous_2)
FNF:3
FNH:3
FNDA:140,(anonymous_0)
FNDA:1,(anonymous_1)
FNDA:1,(anonymous_2)
DA:3,6
DA:4,6
DA:5,6
DA:6,6
DA:7,6
DA:9,6
DA:11,6
DA:13,140
DA:17,1
DA:32,1
LF:10
LH:10
BRF:0
BRH:0
end_of_record
TN:
SF:server\models\User.cjs
FN:10,(anonymous_0)
FN:14,(anonymous_1)
FN:26,(anonymous_2)
FN:30,(anonymous_3)
FNF:4
FNH:4
FNDA:228,(anonymous_0)
FNDA:5,(anonymous_1)
FNDA:3,(anonymous_2)
FNDA:5,(anonymous_3)
DA:3,6
DA:4,6
DA:5,6
DA:7,6
DA:9,6
DA:11,228
DA:15,5
DA:27,3
DA:31,5
LF:9
LH:9
BRF:0
BRH:0
end_of_record
TN:
SF:server\models\index.js
FNF:0
FNH:0
LF:0
LH:0
BRF:0
BRH:0
end_of_record
TN:
SF:server\models\tasksLabels.cjs
FN:9,(anonymous_0)
FN:13,(anonymous_1)
FNF:2
FNH:1
FNDA:9,(anonymous_0)
FNDA:0,(anonymous_1)
DA:3,6
DA:4,6
DA:6,6
DA:8,6
DA:10,9
DA:14,0
LF:6
LH:5
BRF:0
BRH:0
end_of_record
TN:
SF:server\routes\changeLang.js
FN:3,(anonymous_0)
FN:5,(anonymous_1)
FNF:2
FNH:1
FNDA:6,(anonymous_0)
FNDA:0,(anonymous_1)
DA:4,6
DA:6,0
DA:7,0
DA:8,0
LF:4
LH:1
BRDA:6,0,0,0
BRDA:6,0,1,0
BRF:2
BRH:0
end_of_record
TN:
SF:server\routes\index.js
FN:21,(anonymous_0)
FN:21,(anonymous_1)
FNF:2
FNH:2
FNDA:6,(anonymous_0)
FNDA:42,(anonymous_1)
DA:11,6
DA:21,42
LF:2
LH:2
BRF:0
BRH:0
end_of_record
TN:
SF:server\routes\labels.js
FN:5,(anonymous_0)
FN:7,(anonymous_1)
FN:13,(anonymous_2)
FN:18,(anonymous_3)
FN:36,(anonymous_4)
FN:42,(anonymous_5)
FN:57,(anonymous_6)
FNF:7
FNH:7
FNDA:6,(anonymous_0)
FNDA:1,(anonymous_1)
FNDA:1,(anonymous_2)
FNDA:1,(anonymous_3)
FNDA:1,(anonymous_4)
FNDA:1,(anonymous_5)
FNDA:1,(anonymous_6)
DA:6,6
DA:8,1
DA:9,1
DA:10,1
DA:11,1
DA:14,1
DA:15,1
DA:16,1
DA:19,1
DA:20,1
DA:21,1
DA:22,1
DA:24,1
DA:25,1
DA:26,1
DA:27,1
DA:28,1
DA:30,0
DA:31,0
DA:34,1
DA:37,1
DA:38,1
DA:39,1
DA:40,1
DA:43,1
DA:44,1
DA:46,1
DA:47,1
DA:48,1
DA:49,1
DA:51,0
DA:52,0
DA:55,1
DA:58,1
DA:59,1
DA:60,1
DA:62,1
DA:63,0
DA:64,0
DA:66,1
DA:67,1
DA:68,1
DA:70,1
LF:43
LH:37
BRDA:62,0,0,0
BRDA:62,0,1,1
BRF:2
BRH:1
end_of_record
TN:
SF:server\routes\session.js
FN:5,(anonymous_0)
FN:7,(anonymous_1)
FN:11,(anonymous_2)
FN:28,(anonymous_3)
FNF:4
FNH:4
FNDA:6,(anonymous_0)
FNDA:1,(anonymous_1)
FNDA:5,(anonymous_2)
FNDA:1,(anonymous_3)
DA:6,6
DA:8,1
DA:9,1
DA:12,5
DA:13,0
DA:15,5
DA:16,0
DA:17,0
DA:20,0
DA:21,0
DA:23,5
DA:24,5
DA:25,5
DA:26,5
DA:29,1
DA:30,1
DA:31,1
LF:17
LH:12
BRDA:12,0,0,0
BRDA:12,0,1,5
BRDA:15,1,0,0
BRDA:15,1,1,5
BRF:4
BRH:2
end_of_record
TN:
SF:server\routes\statuses.js
FN:5,(anonymous_0)
FN:7,(anonymous_1)
FN:13,(anonymous_2)
FN:18,(anonymous_3)
FN:35,(anonymous_4)
FN:41,(anonymous_5)
FN:56,(anonymous_6)
FNF:7
FNH:7
FNDA:6,(anonymous_0)
FNDA:1,(anonymous_1)
FNDA:1,(anonymous_2)
FNDA:1,(anonymous_3)
FNDA:1,(anonymous_4)
FNDA:1,(anonymous_5)
FNDA:1,(anonymous_6)
DA:6,6
DA:8,1
DA:9,1
DA:10,1
DA:11,1
DA:14,1
DA:15,1
DA:16,1
DA:19,1
DA:20,1
DA:21,1
DA:23,1
DA:24,1
DA:25,1
DA:26,1
DA:27,1
DA:29,0
DA:30,0
DA:33,1
DA:36,1
DA:37,1
DA:38,1
DA:39,1
DA:42,1
DA:43,1
DA:45,1
DA:46,1
DA:47,1
DA:48,1
DA:50,0
DA:51,0
DA:54,1
DA:57,1
DA:58,1
DA:59,1
DA:60,1
DA:61,0
DA:62,0
DA:64,1
DA:65,1
DA:66,1
DA:68,1
LF:42
LH:36
BRDA:60,0,0,0
BRDA:60,0,1,1
BRF:2
BRH:1
end_of_record
TN:
SF:server\routes\tasks.js
FN:5,(anonymous_0)
FN:7,(anonymous_1)
FN:13,(anonymous_2)
FN:42,(anonymous_3)
FN:53,(anonymous_4)
FN:66,(anonymous_5)
FN:76,(anonymous_6)
FN:99,(anonymous_7)
FN:105,(anonymous_8)
FN:117,(anonymous_9)
FN:130,(anonymous_10)
FN:149,(anonymous_11)
FNF:12
FNH:10
FNDA:6,(anonymous_0)
FNDA:2,(anonymous_1)
FNDA:2,(anonymous_2)
FNDA:1,(anonymous_3)
FNDA:1,(anonymous_4)
FNDA:1,(anonymous_5)
FNDA:2,(anonymous_6)
FNDA:0,(anonymous_7)
FNDA:1,(anonymous_8)
FNDA:1,(anonymous_9)
FNDA:0,(anonymous_10)
FNDA:1,(anonymous_11)
DA:6,6
DA:8,2
DA:9,2
DA:10,2
DA:12,2
DA:14,2
DA:15,1
DA:17,2
DA:18,1
DA:20,2
DA:21,1
DA:26,2
DA:27,1
DA:28,1
DA:32,2
DA:34,2
DA:35,2
DA:36,2
DA:37,2
DA:40,2
DA:43,1
DA:44,1
DA:45,1
DA:46,1
DA:47,1
DA:48,1
DA:51,1
DA:54,1
DA:55,1
DA:56,1
DA:58,1
DA:65,1
DA:66,1
DA:67,1
DA:68,1
DA:69,1
DA:71,1
DA:72,1
DA:74,1
DA:75,1
DA:76,2
DA:79,1
DA:82,1
DA:83,1
DA:85,0
DA:86,0
DA:87,0
DA:88,0
DA:89,0
DA:91,0
DA:92,0
DA:97,1
DA:100,0
DA:101,0
DA:102,0
DA:103,0
DA:106,1
DA:107,1
DA:108,1
DA:109,1
DA:110,1
DA:111,1
DA:112,1
DA:115,1
DA:118,1
DA:119,1
DA:120,1
DA:121,1
DA:122,1
DA:124,1
DA:126,1
DA:127,1
DA:128,1
DA:129,1
DA:130,0
DA:131,0
DA:134,1
DA:135,1
DA:137,0
DA:138,0
DA:139,0
DA:140,0
DA:141,0
DA:142,0
DA:147,1
DA:150,1
DA:151,1
DA:152,1
DA:153,1
DA:154,0
DA:155,0
DA:157,1
DA:158,1
DA:159,1
DA:160,1
DA:162,1
LF:96
LH:75
BRDA:14,0,0,1
BRDA:14,0,1,1
BRDA:17,1,0,1
BRDA:17,1,1,1
BRDA:20,2,0,1
BRDA:20,2,1,1
BRDA:26,3,0,1
BRDA:26,3,1,1
BRDA:61,4,0,1
BRDA:61,4,1,0
BRDA:62,5,0,1
BRDA:62,5,1,0
BRDA:74,6,0,1
BRDA:74,6,1,0
BRDA:121,7,0,1
BRDA:121,7,1,0
BRDA:122,8,0,1
BRDA:122,8,1,1
BRDA:129,9,0,0
BRDA:129,9,1,1
BRDA:129,10,0,1
BRDA:129,10,1,0
BRDA:153,11,0,0
BRDA:153,11,1,1
BRF:24
BRH:17
end_of_record
TN:
SF:server\routes\users.js
FN:5,(anonymous_0)
FN:7,(anonymous_1)
FN:13,(anonymous_2)
FN:17,(anonymous_3)
FN:33,(anonymous_4)
FN:37,(anonymous_5)
FN:53,(anonymous_6)
FNF:7
FNH:7
FNDA:6,(anonymous_0)
FNDA:1,(anonymous_1)
FNDA:1,(anonymous_2)
FNDA:1,(anonymous_3)
FNDA:1,(anonymous_4)
FNDA:1,(anonymous_5)
FNDA:1,(anonymous_6)
DA:6,6
DA:8,1
DA:9,1
DA:10,1
DA:11,1
DA:14,1
DA:15,1
DA:18,1
DA:19,1
DA:21,1
DA:22,1
DA:23,1
DA:24,1
DA:25,1
DA:27,0
DA:28,0
DA:31,1
DA:34,1
DA:35,1
DA:38,1
DA:39,1
DA:41,1
DA:42,1
DA:43,1
DA:44,1
DA:45,1
DA:47,0
DA:48,0
DA:51,1
DA:54,1
DA:55,1
DA:56,1
DA:58,1
DA:59,0
DA:60,0
DA:61,1
DA:62,0
DA:63,0
DA:65,1
DA:66,1
DA:67,1
DA:68,1
DA:70,1
LF:43
LH:35
BRDA:58,0,0,0
BRDA:58,0,1,1
BRDA:61,1,0,0
BRDA:61,1,1,1
BRF:4
BRH:2
end_of_record
TN:
SF:server\routes\welcome.js
FN:3,(anonymous_0)
FN:5,(anonymous_1)
FN:8,(anonymous_2)
FNF:3
FNH:2
FNDA:6,(anonymous_0)
FNDA:1,(anonymous_1)
FNDA:0,(anonymous_2)
DA:4,6
DA:6,1
DA:9,0
LF:3
LH:2
BRF:0
BRH:0
end_of_record
